+ [0001] [sm33742910] 【MMD杯ZERO】ACEP【ACMMD】
+ [0002] [sm33853154] 死んでしまったのだろうか  歌った 【あらき】
+ [0003] [sm32652535] 【mhw】　モンスターハンターワールド バゼルギウス戦闘bgm
+ [0004] [sm34130272] アイドルマスター楽曲メドレー【Cool&Speedy】
+ [0005] [sm33385244] ゆっくりオーパーツ解説　#1
+ [0006] [sm34304383] 人工呼吸　/  feat. 初音ミク
+ [0007] [sm33618747] 【NORISTRY】少女レイ【歌ってみた】
+ [0008] [sm33459323] 【実況】KINGDOM HEARTS HD版 実況風プレイ　part10
+ [0009] [sm32832425] 迫真パズル部・総当りの裏技.mp29
+ [0010] [sm33543460] サ ッ カ ー 下 北 沢 代 表.mp7
+ [0011] [sm33998146] 紗痲　歌わせていただきました　Ann
+ [0012] [sm32659903] おばけのウケねらい / 初音ミク
+ [0013] [sm33307293] ◆どうぶつの森e+　実況プレイ◆part56
+ [0014] [sm34391087] 【HoI4】三極世界で世界の覇者を決めてみたpart2【マルチ実況】
+ [0015] [sm33362244] 【FGO】 ぐだぐだ帝都聖杯奇譚  テーマ曲「二者穿一」by六花【Fate/Grand Order】
+ [0016] [sm34160245] 笹木咲のお別れ会にモノマネを送る椎名唯華と突然現れた舞元啓介
+ [0017] [sm33303874] オグリキャップマン
+ [0018] [sm34312814] 【初音ミク/鏡音レン】クレイジー・ビート【#コンパス】
+ [0019] [sm32973654] よいこの琴葉クトゥルフ 【オワタ式CoC(その1)】
+ [0020] [sm34238487] 【RTA】ドンキーコング64 101% 8:29:52【ゆっくり解説】PART8
+ [0021] [sm33624134] ヒカリ証明論／CHiCO with HoneyWorks
+ [0022] [sm33209018] 【Fate/MMD】神に愛された男と神を愛した男【サリエリモデル配布】
+ [0023] [sm32765493] モンスターハンターナイトハルト 1話
+ [0024] [sm33238183] 【RimWorld】 もげだせ ゆかり族の星2 -Part6- 【VOICEROID+ 実況】
+ [0025] [sm34258915] 機動戦士ガンダムNT OST VigilaNTe
+ [0026] [sm33518859] 【MMD刀剣乱舞】君を笑顔にさせること！
+ [0027] [sm34185156] めめめはホットドッグが食べたかったようです
+ [0028] [sm32856669] 【浦島坂田船】明星ギャラクティカ 【歌ってみた】
+ [0029] [sm33773348] 琴葉茜の闇ゲー#20 「草が生えるゲーム -Grass Simulator-」
+ [0030] [sm34152593] 【ゆっくり解説】世界の奇人・変人・偉人紹介【ジャン・ド・ヴァレット】
+ [0031] [sm33582181] オーバーロードⅢOP 【VORACITY】歌詞付き
+ [0032] [sm34169809] 【G2R2018】 MARENOL - LeaF 【R-18G】
+ [0033] [sm32696193] 【kenshi】ステルスカニバリズムのゆかり４食目【結月ゆかり実況プレイ】
+ [0034] [sm34111863] ミスリード・ミスリード / 初音ミク - Omoi
+ [0035] [sm33721009] 閻魔さまのいうとおり / 初音ミク
+ [0036] [sm33364505] 【Splatoon2】フライ・オクト・フライ ～ フルスロットル・テンタクル(Octo) / テンタクルズ
+ [0037] [sm34015851] 【Cuphead】 RTA 33:14　PART2/2
+ [0038] [sm32789657] 【MMD刀剣乱舞】SCREAM【MMDモーション配布あり】
+ [0039] [sm33967673] 8.32　歌った　【あらき】
+ [0040] [sm33268232] ANIMAるをうたいました
+ [0041] [sm32578878] バーチャルYoutuber達がサイコパスと化したようです
+ [0042] [sm32611388] トオトロジイダウトフル - gumi [オリジナル]
+ [0043] [sm33181415] †咎人†マン
+ [0044] [sm33744132] 【MMD杯ZERO】Attention【MMD刀剣乱舞合作】
+ [0045] [sm32711324] レミングミング　歌ってみた－遊
+ [0046] [sm32582173] ◆どうぶつの森e+　実況プレイ◆part21
+ [0047] [sm32528864] マシュマリー / 初音ミク
+ [0048] [sm33239562] [ウマ娘]OPにプロの実況と解説を付けてみた
+ [0049] [sm33775496] 【MMD杯ZERO】[A]ddiction【PV構築キット配布】
+ [0050] [sm33165266] よいこの琴葉クトゥルフ 【SCPたちの夜(前編)】
+ [0051] [sm33182045] ディカディズム / Flower･心華 - ぬゆり
+ [0052] [sm34349540] ギリギリのスイッチを発明する葵
+ [0053] [sm34093697] セブンティーナ / 初音ミク アニメMV
+ [0054] [sm33161063] 【すとぷり】虎視眈々 歌ってみた【ころん×さとみ】
+ [0055] [sm32857098] 【オリジナルMV】デリヘル呼んだら君が来た(XYZ arrange ver.)
+ [0056] [sm32745739] 【HoI4】イギリスで三枚舌外交をやってみたpart18【マルチ実況】
+ [0057] [sm33668425] ワンルームシュガーライフ / ナナヲアカリ
+ [0058] [sm34125502] 贖罪を歌いました
+ [0059] [sm34354562] 『ロキ』をウザさMAXでコラボってみたったwwwwwwwwwwwwwwwwwww
+ [0060] [sm33081343] 何も知らずに岡山ドバーランドをレビューしてしまった海外勢
+ [0061] [sm32977318] 【童貞が】シャルル【歌ってみた】
+ [0062] [sm33839307] 【MMD刀剣乱舞】ライカ【モーション配布】
+ [0063] [sm34190842] Bloodborne 栗本チャレンジ素手のみノーダメージRTA 24分2秒
+ [0064] [sm32792069] 【初心者TRPG】ポケモンＴＲＰＧ　第２話Ｂパート
+ [0065] [sm33651496] 【革命デュアリズム】@歌ってみた【Geroと+α/あるふぁきゅん。】
+ [0066] [sm33827567] 【実況】４人でひとつの村に住む男たち【どうぶつの森】 ７周目
+ [0067] [sm34221103] 野獣先輩に見える画像を沢山重ねたら完璧な野獣先輩になる説
+ [0068] [sm34016388] 【作曲】闘争の前途へ贈る狂争曲【wrwrdFA曲】
+ [0069] [sm32692002] 【みうめ・メイリア・217】紅葉愛唄【踊っちゃってみた第6弾!!!】
+ [0070] [sm34405458] 大空スバルの内なるドナルドと戦う新感覚ＡＳＭＲ
+ [0071] [sm33266754] 【第8R】 ウマ娘プリティーダービーに登場するキャラクターのモデルになった競走馬をゆっくり解説！トウカイテイオー編
+ [0072] [sm32648371] ドライドライフラワー / 初音ミク
+ [0073] [sm33562688] 【FantasticYouth】劣等上等 歌ってみた【LowFat×おん湯(♨︎)】
+ [0074] [sm33493795] 究極の肉体を手に入れた空手部BB
+ [0075] [sm33375192] 琴葉茜の闇ゲー #05 「宇宙グラックジャック」
+ [0076] [sm33851619] 【実況者9人】マキシマムザホルモン - 恋のメガラバ【歌わせてみた】
+ [0077] [sm33168568] 由愛みたいに綺麗で泣けちゃうマン
+ [0078] [sm34261814] 【Subnautica】元樵が海でサバイバるサードシーズン～その５～【VOICEROID実況】
+ [0079] [sm34249062] ミリシタ「FIND YOUR WIND!」北上麗花
+ [0080] [sm33399077] 【ウマ娘】JRA･CM　夢の第11レース ウマ娘Ver.
+ [0081] [sm34200478] ビューティフルなフィクション / 初音ミク
+ [0082] [sm32807479] [ゆっくり実況]　ろぼとみ　その6
+ [0083] [sm32798962] ミリシタ「dear...」馬場このみ
+ [0084] [sm33716514] 【東方手書き】ミミズクとコウモリがだべっとる
+ [0085] [sm32559416] 拓也に会ってくれた人は感想カキコよろしくっ！
+ [0086] [sm32843046] ロキ【歌ってみた】＠いすぼくろ
+ [0087] [sm34232425] 【バキ】本部以蔵ｖｓ柳龍光【最凶死刑囚編】
+ [0088] [sm33035994] さとうささらの街づくり＃１２
+ [0089] [sm34337087] 【MMD刀剣乱舞】ONE OFF MIND【豊前江】
+ [0090] [sm33267565] 【APヘタリアMMD】フリィダム ワァルド【枢連】
+ [0091] [sm32835068] 【日刊Minecraft】真・最強の匠は誰か！？絶望的センス4人衆がMinecraftをカオス実況！
+ [0092] [sm33161610] 【アレンジ】ボーカロイドボサノバメドレー/feat.初音ミク【メドレー】
+ [0093] [sm33901658] 【クトゥルフ神話TRPG】CALLING　part1【実卓リプレイ】
+ [0094] [sm33480697] 『グリーンライツ・セレナーデ』 / 初音ミク - Omoi
+ [0095] [sm33304576] 『WAA!!!!』 / 初音ミク, 鏡音リン - Omoi
+ [0096] [sm32701313] スポンジケーキ
+ [0097] [sm32884157] 【ルパン三世 次元大介の墓標】次元「美味い煙草が吸いてぇだけだ…」
+ [0098] [sm34382638] 【神回】闇夜に舞い降りた知識ゼロの雀鬼たち【にじさんじ】
+ [0099] [sm32781309] 【YUMENIKKI DD】◆何も知らない友人に無理やり実況させてみた リターンズ◆第一夜①
+ [0100] [sm33803491] ペニーワイズは台風時の外出をやめさせたいようです
+ [0101] [sm32973432] 【Civ6】誰が最強の文明か決めてみたpart1【マルチ実況プレイ】
+ [0102] [sm33104284] Make debut!
+ [0103] [sm34245384] .edley
+ [0104] [sm32801250] 稲葉曇『ロストアンブレラ』Vo. 歌愛ユキ
+ [0105] [sm33013085] 自由に捕らわれる。/初音ミク
+ [0106] [sm32644458] 【NORISTRY】お気に召すまま【歌ってみた】
+ [0107] [sm32863142] 幕末志士達のＰＵＢＧ実況プレイ #1
+ [0108] [sm34222390] DoDoDoDoDo it!!
+ [0109] [sm33025349] コブラマン
+ [0110] [sm33352119] 【NorthGard】族長のお姉さん実況 08【RTS】
+ [0111] [sm33668574] BE MY アルストロメリア
+ [0112] [sm33168226] ノムリッシュ星空.flv
+ [0113] [sm32874666] アイドルマスター楽曲メドレー【Call&Response】
+ [0114] [sm33461705] 【実況】４人でひとつの村に住む男たち【どうぶつの森】 ５周目
+ [0115] [sm32780817] モンスターハンターナイトハルト 2話
+ [0116] [sm33633102] 【サガフロ2】TASさんが最少ターン数クリアに挑戦 ED
+ [0117] [sm34293488] ホモと見るガチ厳選したOP集.eight
+ [0118] [sm34211830] 【MMD刀剣乱舞】明星ギャラクティカ【打刀男士16振】
+ [0119] [sm33433363] ノムリッシュウリで狂ったあと2 投稿者: 拓也
+ [0120] [sm34194541] ダンスギャングダンス
+ [0121] [sm32695721] 【ﾀﾗﾁｵmega愛の戦士とりっぴぃズズこいろ(5)】きょうもハレバレ【MV】
+ [0122] [sm33617168] 【Plague inc.】きりたんが新種の病原菌で色々する話 バクテリア編 前編
+ [0123] [sm33004290] 音割れハリーBB.ussr
+ [0124] [sm33364369] 【実況】KINGDOM HEARTS HD版 実況風プレイ　part1
+ [0125] [sm32904343] 燃えよ美鈴６ 中篇【東方MMD】
+ [0126] [sm32792291] [ゆっくり実況]　ろぼとみ　その3
+ [0127] [sm32955806] ロードス島戦記_邪神降臨RTA_2時間32分38秒_Part4/5
+ [0128] [sm33154795] 【Subnautica】元樵が海でサバイバるサードシーズン～その１～【VOICEROID実況】
+ [0129] [sm33850086] 唯一、愛ノ詠 / ルカミクグミIAリン
+ [0130] [sm34375617] 新規DDを宣伝しにきた赤馬零児とオルガ
+ [0131] [sm33525420] 勉強不足
+ [0132] [sm34290569] 【ゆっくり解説】世界の奇人・変人・偉人紹介【カメハメハ大王】
+ [0133] [sm32576768] 【初音ミク】　再演　【カバー】
+ [0134] [sm33926851] 【にじさんじ】にじさんロック【手描き】
+ [0135] [sm34078624] 【ウォルピス社】天ノ弱を歌ってみました【提供】
+ [0136] [sm33092235] 【実況】４人でひとつの村に住む男たち【どうぶつの森】 ３周目
+ [0137] [sm32727021] 劇場版 プリズマ☆イリヤ 雪下の誓い 主題歌 「kaleidoscope」 歌詞付き
+ [0138] [sm34382082] ヨルシカ - 藍二乗 (MUSIC VIDEO)
+ [0139] [sm34371908] …………………………………………
+ [0140] [sm34078185] エイトリアム/v flower
+ [0141] [sm33890729] 【ダンス】ヒバナ【Fate/MMD】
+ [0142] [sm34073090] ロンリーダンス 歌ってみた ver.めいちゃん
+ [0143] [sm34149250] フレ/ンダ【とある魔術の禁書目録Ⅲ第6話】
+ [0144] [sm33475039] 琴葉茜の闇ゲー#07 「5円で売ってたゲーム特集」
+ [0145] [sm32549002] ホモと見るライトセーバー戦.ep3
+ [0146] [sm32672006] 【初音ミク】 天使だと思っていたのに 【オリジナルMV】
+ [0147] [sm32556322] 命に嫌われている。＠歌ってみた【まふまふ】
+ [0148] [sm33120733] 【MAD】スーパーロボット大戦X-鋼のWarriors-
+ [0149] [sm34134487] ずっと真夜中でいいのに。『ヒューマノイド』MV
+ [0150] [sm33030360] 【ゆっくり解説】ウマ娘第1話の元ネタを考察してみた
+ [0151] [sm32814641] 【ウォルピス社】明星ギャラクティカを歌ってみました【提供】
+ [0152] [sm32821506] 劇場版 ノーゲーム・ノーライフ ゼロ 主題歌 「THERE IS A REASON」 歌詞付き
+ [0153] [sm34166724] ポケットモンスター青赤緑 図鑑完成RTA 14時間58分 part1/14
+ [0154] [sm34079219] 迫真語録部・Google翻訳の裏技　第十章
+ [0155] [sm34268464] 【日刊Minecraft】最強の匠は誰かスカイブロック編!絶望的センス4人衆がカオス実況！♯13【Skyblock3】
+ [0156] [sm33608128] 進撃の巨人 3期 2話 リヴァイ戦闘シーン
+ [0157] [sm33349141] Peacock Epoch／浦島坂田船
+ [0158] [sm33342655] ∴煮ル果実「ハングリーニコル」with Flower
+ [0159] [sm33801805] うまぴょい伝説 トレーナー（C.V.沖野晃司）
+ [0160] [sm33032560] うちのリンさんがYellow(livetune)をアレンジしたようです
+ [0161] [sm33663125] 楽曲バトル！紲星イキリと化した後輩
+ [0162] [sm33551739] 劣等上等 歌ってみたのはメガテラ・ゼロ
+ [0163] [sm33817538] エゴロック／ すりぃ feat.鏡音レン
+ [0164] [sm34157661] 【歌ってみた】 廃墟の国のアリス 【ﾀﾗﾁｵ】
+ [0165] [sm33157788] シリーズ未経験者にもおすすめ『XCOM2：WotC』プレイ講座第01回
+ [0166] [sm34114950] ホモと見るガチ厳選したOP・ED集【EX2】
+ [0167] [sm33851256] 【初心者TRPG】ポケモンＴＲＰＧ　第６話Ａパート
+ [0168] [sm34209888] 海馬瀬人 かっこいいシーン集
+ [0169] [sm33274241] 君が代RICAL COMMUNICATION
+ [0170] [sm34061669] 【手描きMAD】ハ.イ.タ..【狂/気山/脈】
+ [0171] [sm33780805] いらすとや風の女性でELECT【MMD杯ZERO】
+ [0172] [sm34306491] ダダダダダイナモ感覚
+ [0173] [sm34096653] 【Fate/MMD】マリー・アントワネットというミュージック
+ [0174] [sm33732221] ホモと聴く「銀の龍の背に乗って」
+ [0175] [sm33865052] 【おどはくコラボ】唯一、愛ノ詠を踊ってみた【オリジナル振付】
+ [0176] [sm33875460] ワンピース グロリアスアイランド
+ [0177] [sm33715008] 廃墟の国のアリス／まふまふ feat. 初音ミク
+ [0178] [sm34333565] 【感情を込めて】ケガレの唄 歌ってみた ver.Sou
+ [0179] [sm33916193] 【RimWorld】 もげだせ ゆかり族の星2 -Part9- 【VOICEROID+ 実況】
+ [0180] [sm33080536] 【米津玄師】Lemon 歌ってみた ver.Sou
+ [0181] [sm33853907] 【実況】KINGDOM HEARTS II HD版 実況風プレイ　part9
+ [0182] [sm34305432] 【MMD刀剣乱舞】ドラマツルギー【打刀男士】
+ [0183] [sm33631974] ニコカラ『ベノム』かいりきベア《off vocal》
+ [0184] [sm32711287] 【第20回MMD杯本選】かーにばるフレンズ
+ [0185] [sm34094775] めめめのサイコロが！
+ [0186] [sm33874865] 【みうめ・メイリア・217】響喜乱舞【踊っちゃってみた第8弾!!!】
+ [0187] [sm32955993] ロードス島戦記_邪神降臨RTA_2時間32分38秒_Part5/5
+ [0188] [sm33026393] ロボトミ又
+ [0189] [sm32633575] 【初音ミク】邪魔【syudou】
+ [0190] [sm32561867] 銀魂op集
+ [0191] [sm33639476] ぼかろころしあむ ／ DIVELA feat.鏡音リン
+ [0192] [sm34286751] 【ウォルピス社】ねぇ、どろどろさん を歌ってみました【提供】
+ [0193] [sm34196678] シックワールド症候群 歌ってみたのはメガテラ・ゼロ
+ [0194] [sm33204176] 平沢進 Big Brother
+ [0195] [sm33051262] 「あぁ～！フロア熱狂の音ォ〜！！」
+ [0196] [sm34092989] 雨と邪神とシリアスできないゴミどものクトゥルフpart3【うっかり連載作品】
+ [0197] [sm32571401] 【NorthGard】族長のお姉さん実況 01【RTS】
+ [0198] [sm32843597] イキながらも笑う先輩BB
+ [0199] [sm32852412] flos/初音ミク
+ [0200] [sm33777718] 【MMDゴジラ】-GODZILLA 決戦機動増殖機獣-
+ [0201] [sm33481720] 金星のダンス / 初音ミク
+ [0202] [sm34154301] チョコ先輩プラネット
+ [0203] [sm33759466] サンドリヨン 10th Anniversary / 初音ミク KAITO
+ [0204] [sm33266194] 【ゆっくり解説】ウマ娘第8話の元ネタを考察してみた
+ [0205] [sm33651517] 態度が横柄な寿司屋
+ [0206] [sm33710197] 【クトゥルフ神話TRPG】あくりょうのいえーいpart2【ゆっくりTRPG】
+ [0207] [sm33565840] FF6 テント回避で魔大陸浮上
+ [0208] [sm33591786] ▶︎ 少女レイ　歌ってみた /めありー
+ [0209] [sm33854813] 【爽快に】命に嫌われている。 歌ってみた ver.Sou
+ [0210] [sm33445755] 墜落したらレコーダーに残るよ
+ [0211] [sm33766610] おどりゃんせ 歌ってみた【しるばーな×すたんがん】
+ [0212] [sm33273175] 【にじさんじMMD】MONSTER【剣持刀也】
+ [0213] [sm32527421] 【Kenshi】きりたんが荒野を征く Part 6【東北きりたん実況】
+ [0214] [sm33141302] 【サガフロ2】TASさんが最少ターン数クリアに挑戦 part1
+ [0215] [sm33019592] 茜ちゃんがSteamの闇から生まれたゲームを遊ぶ #01
+ [0216] [sm33260180] ハローディストピア／まふまふ feat. 鏡音リン・レン
+ [0217] [sm33385309] 【実況】KINGDOM HEARTS HD版 実況風プレイ　part3
+ [0218] [sm33114612] ペルソナ５「 Life Will Change」
+ [0219] [sm33826252] シャリューゲ 歌ってみた ver.めいちゃん
+ [0220] [sm33916764] 【クトゥルフ神話TRPG】あくりょうのいえーいpart5【ゆっくりTRPG】
+ [0221] [sm33521485] ゆっくりオーパーツ解説　#2
+ [0222] [sm34071058] シャチョーカイバシャチョー
+ [0223] [sm32947878] 【サタスペ】チンスペ《キャラメイク編》【ゆっくりTRPG】
+ [0224] [sm33245195] 【NorthGard】族長のお姉さん実況 07【RTS】
+ [0225] [sm33209953] 悪魔の踊り方を歌いました
+ [0226] [sm33283402] 【ＭＭＤ刀剣乱舞】春雷【燭台切光忠】
+ [0227] [sm33017837] 【初心者TRPG】ポケモンＴＲＰＧ　第３話Ａパート
+ [0228] [sm34151731] ホモと見るガチ厳選したOP・ED集7
+ [0229] [sm33031553] 【爽快に】アウトサイダー 歌ってみた ver.Sou
+ [0230] [sm34014337] あと一分で爆発する妹のためにElona実況
+ [0231] [sm33462703] 【Besiege】第2回P1グランプリ Bブロック「パンジャン型自走砲」【VOICEROID】
+ [0232] [sm32523223] 【ジョジョ第3部】うろ覚えで振り返る 承太郎の奇妙な冒険 PART57
+ [0233] [sm33983425] 青春ブタ野郎はバニーガール先輩の夢を見ない ED「不可思議のカルテ」
+ [0234] [sm33753638] 【MMD杯ZERO】世界の破壊者と化したかばんちゃん【仮面ライダーディケイド】
+ [0235] [sm33893535] ペニーワイズが「ドラゴンボールZ」をオススメしようとしたけど途中で変な流れになったようです
+ [0236] [sm33124361] 【手描きFGO】サリエリで嗤うマネキン
+ [0237] [sm33313774] 虫捕りに行くシリアスできないゴミどものクトゥルフpart3【実卓リプレイ】
+ [0238] [sm33722267] 【初投稿】終末じゃない  歌ってみた【Vtuber】
+ [0239] [sm33383281] Zガンダムの土曜日
+ [0240] [sm33483460] 見ててくれる茜ちゃんの動画
+ [0241] [sm33355288] イデオンの土曜日
+ [0242] [sm32650560] 【4479歩】FF6 極限低歩数攻略 season2 part5【ゆっくり実況】
+ [0243] [sm34352746] 【MMDコナン】「純黒の悪夢」【PV】
+ [0244] [sm34221475] 月ノ美兎「お˝ほぉっ❤お˝ほぉっ❤お˝っ❤お˝ほぉっ❤お˝ぉ～❤お˝ほほぉ～❤お˝ほぉ❤」
+ [0245] [sm33562324] ロキ を歌ってみた【灯油×96猫】
+ [0246] [sm33772123] 筋肉は裏切らない【MMD杯ZERO】
+ [0247] [sm34182904] 【MMD】花瓶に触れた【APヘタリア×Fate】
+ [0248] [sm32915319] UNICORN が全く気付かないうちに フリージア になる
+ [0249] [sm33469001] 琴葉茜の闇ゲー#06 「ヘルメットがカボチャのバカゲー」
+ [0250] [sm34051948] GO! GO! ちえり!
+ [0251] [sm33684089] bin/音街ウナ
+ [0252] [sm33972147] 【琴葉姉妹】葵「お姉ちゃんが生まれたままの姿に！？」茜「」
+ [0253] [sm33483355] 【手描きFGO】ぐだぐだビーツ【帝都聖杯奇譚】
+ [0254] [sm34088314] ◆どうぶつの森e+　実況プレイ◆part89
+ [0255] [sm33273154] 全く身にならないラジオ【第六十三回】
+ [0256] [sm33244239] ミリシタ「花ざかりWeekend✿」MV(ドットバイドット1920x720p60)
+ [0257] [sm34310127] 【MAD】ドラゴンボール ×「Blizzard/三浦大知」 full version
+ [0258] [sm32866776] ハグ/初音ミク
+ [0259] [sm32884371] 進撃の幕末志士2　序【実況】
+ [0260] [sm33197924] 【初音ミク】フラミンゴ【syudou】
+ [0261] [sm33264713] 葵「お姉ちゃんがノンケだってかまわないで食っちまう人間だった…」茜「」
+ [0262] [sm33204993] 文芸部ドキドキ文芸部
+ [0263] [sm33052819] 【FGO MAD】ホシアカリのミチシルベ【永久凍土帝国アナスタシア】
+ [0264] [sm33965071] DECO*27 - 愛言葉Ⅲ feat. 初音ミク
+ [0265] [sm34203329] ベイブレードに花火仕込んで加速させる動画
+ [0266] [sm33998180] オーバーロードⅢ OP 「VORACITY」 歌詞付き
+ [0267] [sm32587019] 【実況】ナポリの男たちの挑戦~呪怨編~ Part2
+ [0268] [sm34040571] はらぺこのルベル / 初音ミク
+ [0269] [sm34122636] 【クウガ】平成ライダー OPメドレー【ジオウ】
+ [0270] [sm33160468] 【初心者TRPG】ポケモンＴＲＰＧ　第３話Ｂパート
+ [0271] [sm33080651] 【51円】賛否両論ゲーThe Life Of Greather　RTA_03:20.73
+ [0272] [sm33430841] ケセラリズム ／ GUMI
+ [0273] [sm33219900] うまぴょい伝説　シンボリルドルフ・エアグルーヴ・ナリタブライアン
+ [0274] [sm33465541] サ ッ カ ー 下 北 沢 代 表.mp2
+ [0275] [sm33161515] オタサーの姫じゃ満足できないきりたん
+ [0276] [sm34147103] フィクサー 歌ってみた【そらる×nqrse】
+ [0277] [sm34078616] 【実況】KINGDOM HEARTS II HD版 実況風プレイ　part28
+ [0278] [sm33780659] ♧「だれかの心臓になれたなら」歌ってみたぬき。
+ [0279] [sm33440617] セカイ再信仰特区　歌った【あらき】
+ [0280] [sm33652955] 【ジンバブエ】失敗国家3分解説【VOICEROID解説】
+ [0281] [sm34088371] 【クトゥルフ神話TRPG】あくりょうのいえーいpart7【ゆっくりTRPG】
+ [0282] [sm32575478] 止めるマンBB
+ [0283] [sm34283627] お願い!……真乃……めぐる……!
+ [0284] [sm32681415] 【サガフロ】初期技術で最少戦闘回数クリアに挑戦 part44 リュート編①
+ [0285] [sm33116554] 【ロキ】歌ってみた【Gero×＋α／あるふぁきゅん。】
+ [0286] [sm34039109] Hikakin Mania合作 ~なんだこのTNTN合作~
+ [0287] [sm32942260] flos　歌ってみた　【いゔどっと】
+ [0288] [sm33980720] 【ISIL】失敗（自称）国家3分解説【VOICEROID解説】
+ [0289] [sm32891453] 【初音ミク】　コウカツ　【オリジナル】
+ [0290] [sm32898817] フィクサー / ぬゆり
+ [0291] [sm33530661] もしもブロリーがタイムパトロール隊員だったら 第3話
+ [0292] [sm33514857] PLATONIC GIRL　歌った【あらき×ゐづ】
+ [0293] [sm32892862] さとうささらの街づくり＃１１
+ [0294] [sm34095838] 有能回
+ [0295] [sm32902780] 【NorthGard】族長のお姉さん実況 04【RTS】
+ [0296] [sm33595024] 暴走
+ [0297] [sm33340354] シルシと化した先輩.mp1
+ [0298] [sm33741803] 【初音ミク】キャラバン【syudou】
+ [0299] [sm32758120] 【FantasticYouth】天使だと思っていたのに 歌ってみた【LowFat×おん湯(♨︎)】
+ [0300] [sm32743853] 底知れぬ絶望の淵へ沈めェ！
+ [0301] [sm33824607] 【ゆっくり解説】世界の奇人・変人・偉人紹介【ダニエル・イノウエ＆４４２連隊】
+ [0302] [sm34015258] Gridman　オープニング
+ [0303] [sm33426460] キュベレイの土曜日
+ [0304] [sm32831501] 【DbD】アメリカン姉妹の逃走劇アゲイン【VOICEROID実況プレイ】
+ [0305] [sm33249447] 【実況】４人でひとつの村に住む男たち【どうぶつの森】 ４周目
+ [0306] [sm33075397] 【第3R】 ウマ娘プリティーダービーに登場するキャラクターのモデルになった競走馬をゆっくり解説！ゴールドシップ編
+ [0307] [sm33078628] 【MMD刀剣乱舞】sam式鶴丸国永でスーサイドパレヱド【1080p】
+ [0308] [sm33536770] flower - 死んでしまったのだろうか
+ [0309] [sm32787097] 愛があれば。/鏡音リン
+ [0310] [sm33324300] キャットアイメイク 歌ってみた【luz×センラ】
+ [0311] [sm33020831] 【遊戯王ADS】再:歴代ボス決闘大会R Part1
+ [0312] [sm34318335] 水死体にもどらないで / 初音ミク・flower
+ [0313] [sm33157287] 太陽系デスコ　うたった 【島爺／SymaG】
+ [0314] [sm33575428] 終末じゃない / Flower･心華 - ぬゆり
+ [0315] [sm34067617] 【叶&葛葉】― ChroNoiR DiviSioN ―【音MAD】
+ [0316] [sm34350672] ブラッククリスマス／After the Rain【そらる×まふまふ】
+ [0317] [sm32769089] 明星ギャラクティカ / 初音ミク
+ [0318] [sm33053722] Twig ／ rei sirose
+ [0319] [sm33797028] 琴葉茜の闇ゲー#23 「ユニティちゃん VS 巨大ゾンビ駆逐艦①」
+ [0320] [sm33238984] 【リメイク版】ポプテピ×FGO「POP TEAM EPIC」【リヨ絵鯖でOPパロ】
+ [0321] [sm33531829] 琴葉茜の闇ゲー#10 「絶対に村を発展できないゲーム」
+ [0322] [sm33975291] 【Subnautica】元樵が海でサバイバるサードシーズン～その４～【VOICEROID実況】
+ [0323] [sm33790596] 【ＭＭＤ刀剣乱舞】オレオレ電話にご用心
+ [0324] [sm33103566] 【アラジン】羽賀版と三木版を比較してみた【比較動画】
+ [0325] [sm33055965] 【手描き】G.E.T. O.U.T【wrwrd】
+ [0326] [sm34191328] エゴロック 歌ってみたのはメガテラ・ゼロ
+ [0327] [sm34259350] ハサミギロチンで3タテしてしまう大福
+ [0328] [sm33153151] 【実況】ポケットモンスターコイキング～金鯱の逆鱗～ 最終話-前編-(再うｐ)
+ [0329] [sm33084209] 島村卯月ちゃんのパンツになりたい
+ [0330] [sm34287452] 【初心者TRPG】ポケモンＴＲＰＧ　第７話Ｂパート
+ [0331] [sm34065291] 【誕生日に】エゴロック歌いました【Ado】
+ [0332] [sm33113893] たのしい暗殺と悪徳政治家
+ [0333] [sm33040622] トウキョウダイバアフェイクショウ  歌ってみたのはメガテラ・ゼロ
+ [0334] [sm34184474] ジョジョ5部アニメ　ギャングダンス
+ [0335] [sm34308392] 【歌ってみた】-ERROR 【＋α／あるふぁきゅん。】
+ [0336] [sm34055654] 【Ｌ４Ｄ２】クソエイム三銃士のゾンビサバイバル(VOICEROID実況)
+ [0337] [sm32867394] 【歌ってみた】ロキ【Sou×Eve】
+ [0338] [sm32576520] オルガピピック
+ [0339] [sm33230939] あのさ…俺そろそろバイクなんだよね.mp1
+ [0340] [sm33812761] 【Besiege】第２回パンジャンドラム最速王決定戦P1グランプリ③VOICEROID実況
+ [0341] [sm32892982] ヴァイオレット・エヴァーガーデンOP　Sincerely
+ [0342] [sm33324314] 結月ゆかりと名作と迷作【VOICEROID劇場】
+ [0343] [sm33680729] ゆっくりレオンのバイオハザード4 ゆっくり実況と解説と縛りと part17
+ [0344] [sm32789996] 【ゆっくり解説】世界の奇人・変人・偉人紹介【金栗四三etc】
+ [0345] [sm33477835] リコレクションエンドロウル - miku [オリジナル]
+ [0346] [sm34174584] 【ゼルダ手書き】猛独が襲う【BotW】
+ [0347] [sm32783623] バラバラココロ / flower
+ [0348] [sm32820076] ロキ　歌ってみたのはメガテラ・ゼロ
+ [0349] [sm32628008] たのしい暗殺 in マラケシュ
+ [0350] [sm33050931] 【MMD】艦これキャラで仮面ライダー555ネタ
+ [0351] [sm33808345] 【鬼滅の刃】鬼滅女子で［A］.d.d.i.c.t.i.o.n.踊ってもらった＋おまけ【手描き】
+ [0352] [sm34399637] 【ウォルピス社】泥中に咲く を歌ってみました【提供】
+ [0353] [sm33351113] kick/音街ウナ
+ [0354] [sm32813393] [ゆっくり実況]　ろぼとみ　その7
+ [0355] [sm34065433] ホモと見るTVアニメ「うちのメイドがウザすぎる！」OPテーマMV.mp4
+ [0356] [sm34290158] コックカワサキになる舞元啓介と社築
+ [0357] [sm33827934] ◆どうぶつの森e+　実況プレイ◆part76
+ [0358] [sm33232665] 【ゆっくり解説】ウマ娘第7話の元ネタを考察してみた
+ [0359] [sm32906338] 肌が触れ合っている間だけBeat Itが流れる大相撲
+ [0360] [sm33023110] ＣＬＥＡＲ　FULL  坂本真綾
+ [0361] [sm34180428] ハグ　歌った 【あらき】
+ [0362] [sm32827784] 【作業用BGM】ランス10 最終戦BGM　「血の記憶」　10分耐久
+ [0363] [sm34002539] アベリアに代わる何かを歌ってみたのはメガテラ・ゼロ
+ [0364] [sm34255758] エア本さんvsカルト☆教団
+ [0365] [sm32764749] 【実況】４人でひとつの村に住む男たち【どうぶつの森】 １周目
+ [0366] [sm33337597] 【RimWorld】琴葉姉妹と一発勝負のRimWorld #01【VOICEROID】
+ [0367] [sm33051243] IA - スーパーヒーロー
+ [0368] [sm32717546] 迫真・アイドル部性の裏技
+ [0369] [sm33734878] スネ夫が真言を唱えている時に流れている曲（フル）
+ [0370] [sm33334735] 【Subnautica】元樵が海でサバイバるサードシーズン～その３～【VOICEROID実況】
+ [0371] [sm33570499] 「ROUTE 23」 ver. EVO+
+ [0372] [sm33137984] 何が何でも清楚と言い張る月ノ美兎チャン
+ [0373] [sm33997610] 僕が夢を捨てて大人になるまで　/  feat. 初音ミク
+ [0374] [sm33456639] 【金カムMMD】宵々古今【第七】
+ [0375] [sm32780409] 【HoI4】イギリスで三枚舌外交をやってみたpart19【マルチ実況】
+ [0376] [sm33480884] 【初音ミク】死生活【syudou】
+ [0377] [sm34062829] 【バキ】烈海王　川を渡る【最凶死刑囚編】
+ [0378] [sm33087638] 【歌ってみた】 ロキ 【ﾀﾗﾁｵ】
+ [0379] [sm33477508] 何でもバイブスを高めてくれるサチコチャン【小林幸子×FantasticYouth×島爺】
+ [0380] [sm34256153] 【ゆっくり実況】Bloodborne 栗本チャレンジ素手のみRTA 19分34秒
+ [0381] [sm34344964] ホモを根絶やしにする赤犬
+ [0382] [sm33827526] 【GTA5】ゆかりとマキの楽しい犯罪日誌#1
+ [0383] [sm34070747] シャルる世間は鬼ばかり
+ [0384] [sm32647403] 君の脈で踊りたかった ft.初音ミク
+ [0385] [sm33902129] 【アフガニスタン】失敗国家3分解説【VOICEROID解説】
+ [0386] [sm33462875] 【RimWorld】 もげだせ ゆかり族の星2 -Part8- 【VOICEROID+ 実況】
+ [0387] [sm33019646] ゆっくり日本競馬史part19【黄金旅程編】
+ [0388] [sm33799638] 【北朝鮮】失敗国家3分解説【VOICEROID解説】
+ [0389] [sm32855820] ヨヒラ / 初音ミク
+ [0390] [sm33546451] 少女レイ／初音ミク
+ [0391] [sm32747166] だれかの心臓になれたなら / cover
+ [0392] [sm33774297] 【芝健】劣等上等 踊ってみた【オリジナル振付】
+ [0393] [sm33957393] 名取さなの「ﾋﾞｮｯﾌﾞﾎﾞｯﾋﾞｭ病院で！？」にmihimaru GTを見出した御曹司
+ [0394] [sm34318717] 石橋を叩いてFF8(PC版)を初見プレイ part1
+ [0395] [sm34347932] 石橋を叩いてFF8(PC版)を初見プレイ part2
+ [0396] [sm32666420] テオ 歌った 【あらき】
+ [0397] [sm32651696] 【初心者TRPG】ポケモンＴＲＰＧ　第２話Ａパート
+ [0398] [sm32537934] 【GUMI】「他人事の音がする」　あめのむらくもP
+ [0399] [sm32787490] オノマトペテン師／初音ミク
+ [0400] [sm34277309] 【遊戯王】ゆっくり解説「サイクロン」【OCG】
+ [0401] [sm33474440] あのさ…俺そろそろバイクなんだよね.mp2 (前編)
+ [0402] [sm34009874] 僕らの戦場　2nd
+ [0403] [sm33908461] 【東方手書き】ミミズクとコウモリが侵入者と交流を深めとる
+ [0404] [sm34317927] ラストダンス / 初音ミク
+ [0405] [sm33192433] 【刀剣乱舞】KP鶴と古備前がガンバルはなひらり①【TRPG】
+ [0406] [sm33914348] 砂の惑星からの物体X
+ [0407] [sm34271055] ねぇ、どろどろさん 歌ってみた／あほの坂田。
+ [0408] [sm34307443] 【FGO MAD】夢の国を探す君の名を【人智統合真国シン】
+ [0409] [sm33309898] 【99年 天皇賞(秋)】スペシャルウィーク ウマ娘ver.
+ [0410] [sm32977566] 【ゆっくり解説】世界の奇人・変人・偉人紹介【エルヴィン・ロンメル】
+ [0411] [sm33931151] 名取さな「ﾋﾞｮｯﾌﾞﾎﾞｯﾋﾞｭ病院で！？」
+ [0412] [sm33101097] ウマ娘3話 テイオーステップ
+ [0413] [sm34396724] 除夜m@s'18　釈迦m@s
+ [0414] [sm33070791] キャットアイメイク @しゅーず【歌ってみた】
+ [0415] [sm34248320] 天の聖杯解体ショーの始まりだ…
+ [0416] [sm32856182] 陣内智則「デレステ難しいなぁ。せや、リハチケで練習しよ」
+ [0417] [sm34117637] 走れウマ娘
+ [0418] [sm33647104] 葛葉を呼び捨てにする叶にふぇありす「エッチでもしたの？」
+ [0419] [sm33934920] 【クトゥルフ神話TRPG】CALLING　part5【実卓リプレイ】
+ [0420] [sm34211329] 江戸時代インタビュー先輩
+ [0421] [sm33262487] 逆.光
+ [0422] [sm33705606] 【 IKZO 】 俺らU.S.A.さ行ぐだ 【 DA PUMP 】（フル）
+ [0423] [sm33721407] セパレイト｜初音ミク
+ [0424] [sm34050816] 【実況】KINGDOM HEARTS II HD版 実況風プレイ　part25
+ [0425] [sm32652871] 【Gero×ぐるたみん】何でも言うことを聞いてくれるアカネチャン 歌った
+ [0426] [sm33219885] 神曲/初音ミク
+ [0427] [sm32967411] Lust Blue/逆音セシル
+ [0428] [sm33159073] 世界の奇書をゆっくり解説 第8回 「サンゴルスキーのルバイヤート」
+ [0429] [sm34367475] ダダダダ甜花
+ [0430] [sm32809561] 東方メドレー☆
+ [0431] [sm34179219] 【MV】エフピーエス／そらまふうらさか feat. 荒野行動
+ [0432] [sm32798041] ロキ／鏡音リン・みきとP
+ [0433] [sm33175756] Big Brother☆
+ [0434] [sm34032404] ロンリーダンス / flower - ぬゆり
+ [0435] [sm34099625] 【MMD】宵々古今【APヘタリア×Fate】
+ [0436] [sm33550626] エンドロール / VY1,初音ミク
+ [0437] [sm34185820] マツダダダダ天使
+ [0438] [sm32555181] ダイナミックコード名シーン集　apple-polisher編(第7～9話)
+ [0439] [sm32610281] たのしい暗殺 in パリ(始)
+ [0440] [sm34152016] 【実況】全386匹と友達になるポケモン不思議のダンジョン(赤) #1【000/386～】
+ [0441] [sm33947856] ワルキューレがとまらない 2nd
+ [0442] [sm32747867] ホワイトハッピー　歌ってみた－遊
+ [0443] [sm33955869] ずっと真夜中でいいのに。『秒針を噛む』MV
+ [0444] [sm33029394] 「あぁ～！ゼルダの音ォ〜！！」
+ [0445] [sm33193609] 【UBW（TV版）＆HF（劇場版）】ランサー戦闘シーンまとめ
+ [0446] [sm33402825] シスター・クレア「あぁぁ♡あっ♡あぁ♡ちょっと///あぁ///...あぁ...♡」
+ [0447] [sm32525816] ピニャコラーダ 歌ってみた【luz×センラ】
+ [0448] [sm33472554] ガンダムの恋心
+ [0449] [sm33227614] モンキービジネス 歌ってみた ver.めいちゃん
+ [0450] [sm32816803] 母を探してシリアスしかできないゴミたちのクトゥルフ_part1【実卓CoC】
+ [0451] [sm32873681] 【BLEACH】OP・ED集【ブリコンver.】
+ [0452] [sm33761283] いろんなデレステMVで絶叫するビーバー
+ [0453] [sm34382814] 東京ウインターセッションを歌ってみた【天月＆96猫】
+ [0454] [sm32571236] 【Kenshi】きりたんが荒野を征く Part 7【東北きりたん実況】
+ [0455] [sm32588509] FGOで最もエッチな子を決める討論会 in ロシア
+ [0456] [sm34406476] ラストダンス 歌ってみた【りぶ】
+ [0457] [sm33985564] 【クトゥルフ神話TRPG】CALLING　part7【実卓リプレイ】
+ [0458] [sm33177388] 【歌ってみた】テオ【＋α／あるふぁきゅん。】
+ [0459] [sm34231221] Dancing in the Moonlight 3rd
+ [0460] [sm33997896] 【実況】KINGDOM HEARTS II HD版 実況風プレイ　part20
+ [0461] [sm32855874] ヨルシカ - 準透明少年(Music Video)
+ [0462] [sm33374030] 安全は努力のたまものです。
+ [0463] [sm33159587] 【手描き】ワキシタボーイ・ワキシタガール【脇下一族列伝】
+ [0464] [sm34328918] 【FantasticYouth】ジグソーパズル 歌ってみた【LowFat×おん湯(♨︎)】
+ [0465] [sm33014914] よいこの琴葉クトゥルフ 【オワタ式CoC(その2)】
+ [0466] [sm33941906] 【クトゥルフ神話TRPG】CALLING　part6【実卓リプレイ】
+ [0467] [sm34262790] 【手描きFGO】ロマニで悪魔の踊り方
+ [0468] [sm32603216] 【MMD宝石の国】自作モデルでAha!
+ [0469] [sm33135005] 誰かのヒーローになりたかった　/ feat. IA & 結月ゆかり
+ [0470] [sm32809415] 声付き耳かき音を作ってみた(終)
+ [0471] [sm33593693] スパイスから。カレー作ってみた【アル中カラカラ】
+ [0472] [sm34228170] 本田未央ちゃんのパンツになりたい
+ [0473] [sm32944587] 【MMD刀剣乱舞】宵々古今【打刀男士】
+ [0474] [sm33936250] あと一分で爆発する妹のためにHome Behind実況
+ [0475] [sm33295924] よるをおよぐ/初音ミク
+ [0476] [sm33604719] 【金カムMMD】杉元一行でダンスロボットダンス【杉/リパ/白/尾】
+ [0477] [sm33127193] 0 -【PSP】P3P RTA 全コミュMAX真エンド 13時間52分02秒 part1/15
+ [0478] [sm33480779] デスティニーガンダムの土曜日
+ [0479] [sm33578424] 贖罪　/  feat. VOCALOIDs
+ [0480] [sm34372353] ホモと見るもはや中の人の方がヤベーやつら.heisei
+ [0481] [sm32594265] ホモと見る焼肉の食べ方.YMMTMS
+ [0482] [sm34402677] ウマ娘 ゴールドシップ出遅れ 細江さん悲鳴
+ [0483] [sm34184027] 葵「きりたんが援交してた…」きりたん「」
+ [0484] [sm33342167] 【Stellaris】ゼロ号さんと呼びたまえ！！ Episode 1 【ゆっくり・その他実況】
+ [0485] [sm33010309] 【チートバグ】―パッショーネ２４時―の５【ジョジョ】
+ [0486] [sm34322784] ホモと見るクレイジーサイコホモ.mdr
+ [0487] [sm32694934] 【NorthGard】族長のお姉さん実況 02【RTS】
+ [0488] [sm33409448] PLがMAD作者なクトゥルフ神話TRPG 未知なる呼び声 その１
+ [0489] [sm33491837] 【kenshi】アリスの聖剣霧雨ランデブー　１話【ゆっくり実況】
+ [0490] [sm32537029] ターミナル / GUMI - ぬゆり
+ [0491] [sm32683742] 【初音ミク】POP TEAM EPIC(完全版)【耳コピ】
+ [0492] [sm32553155] 絶対負けたくないMUR
+ [0493] [sm32640649] 『夢遊病者は此岸にて』を歌ってみた【ぱなまん】
+ [0494] [sm33080575] 【ゆっくり解説】ウマ娘第3話の元ネタを考察してみた
+ [0495] [sm32592214] ゼノブレイド2　Counter attack
+ [0496] [sm33997353] 【MMD刀剣乱舞】SNOBBISM【伊達組】
+ [0497] [sm33150910] ハレハレヤ / flower
+ [0498] [sm33582825] ドロシー / flower
+ [0499] [sm33850053] オノマトペテン師　うたった 【島爺／SymaG】
+ [0500] [sm34039053] 【MMD刀剣乱舞】ドラマツルギー【山姥切国広】
+ [0501] [sm33495576] 【MMD刀剣乱舞】フラジール【70振】
+ [0502] [sm32748202] メルティランドナイトメア / 初音ミク アニメMV
+ [0503] [sm34058640] 真・裏に相方がいる状態で配信しリスナーを混乱させる†咎人†
+ [0504] [sm33408315] ウマ娘　ボテ腹まとめ1
+ [0505] [sm34396432] 泥中に咲く / HarryP ft. 初音ミク（Music Video）
+ [0506] [sm33835901] 【エリトリア】失敗国家3分解説【VOICEROID解説】
+ [0507] [sm33141569] 悪魔の踊り方 / キタニタツヤ
+ [0508] [sm33704196] いけないボーダーライン live
+ [0509] [sm34074316] 甘奈「ﾃﾞｯﾃﾞｯﾃﾞﾃﾞﾃﾞﾃﾞｯ（ｶｰﾝ）ﾃﾞﾃﾞﾃﾞﾃﾞ」
+ [0510] [sm33630227] カービィメドレー「Re:THE MEDLEY OF KIRBY SSDX」
+ [0511] [sm33262442] スペシャルな鶏の唐揚げ食べてみた【アル中カラカラハイボール】
+ [0512] [sm32702720] 砂の惑星　うたった【SymaG】
+ [0513] [sm33233596] さとうささらの街づくり＃１４
+ [0514] [sm33680986] 【バングラデシュ】失敗国家3分解説【VOICEROID解説】
+ [0515] [sm32980537] エイプリルフールなので楽しいゲームやります
+ [0516] [sm34262280] 【Fate/MMD】ジキル / ハイドでロキ（フル）【カメラ配布】
+ [0517] [sm34387754] パレイドリア／須田景凪
+ [0518] [sm32593796] 【Fate/MMD】いろんなコンビで砂の惑星
+ [0519] [sm34213297] 【ガランド】歌ってみた ver.Gero
+ [0520] [sm33956386] 明けない夜のリリィ　/  feat. Fukase
+ [0521] [sm33561586] 【クトゥルフ神話TRPG】あくりょうのいえーいpart1【ゆっくりTRPG】
+ [0522] [sm34288404] 【MV】Royal Scandal -「ビタースウィート」/ luz
+ [0523] [sm33295445] せっかちクズどものクトゥルフ神話TRPG #13
+ [0524] [sm32776030] QVC福島　ガバガバシーン集その２
+ [0525] [sm33779247] 【ヒメヒナMV】「劣等上等」歌ってみた【本気モード入った】
+ [0526] [sm33453410] Undertale 戦闘BGM集
+ [0527] [sm33441397] flos/R(self-cover)
+ [0528] [sm34186284] ラストフレーズ／志麻＆となりの坂田。
+ [0529] [sm33873656] 阿吽のビーツ【歌ってみた】＠いすぼくろ
+ [0530] [sm34238852] ゾンビランドサガ OP「徒花ネクロマンシー」
+ [0531] [sm33024476] 【NorthGard】族長のお姉さん実況 05【RTS】
+ [0532] [sm33131121] 【NorthGard】族長のお姉さん実況 06【RTS】
+ [0533] [sm33266722] 呼び込み先輩
+ [0534] [sm34294264] 撥条少女時計  feat.初音ミク
+ [0535] [sm34145146] ねぇ、どろどろさん - 鏡音リン MV
+ [0536] [sm32678828] ダイナミックコード名シーン集　[rêve parfait]編(第10～12話)
+ [0537] [sm33196650] 【第6R】 ウマ娘プリティーダービーに登場するキャラクターのモデルになった競走馬をゆっくり解説！サイレンススズカ編
+ [0538] [sm33485782] MV - 8.32 / *Luna feat.flower
+ [0539] [sm33462220] ミリシタ「UNION!!」北上麗花
+ [0540] [sm32737710] シュガーヘイト／luz×nqrse×ぷす
+ [0541] [sm33552151] 【みうめ・メイリア・217】アブラカダブラ [avra K'Davarah] 【踊っちゃってみた第7弾!!!】
+ [0542] [sm33040297] 【第2R】 ウマ娘プリティーダービーに登場するキャラクターのモデルになった競走馬をゆっくり解説！ダイワスカーレット編
+ [0543] [sm34189539] 何わかってないフリしてんすか
+ [0544] [sm32734621] ドラゴンボール劇場版戦闘シーン
+ [0545] [sm34330567] 【実況】４人でひとつの村に住む男たち【どうぶつの森】 １０周目
+ [0546] [sm33974546] ∴煮ル果実「紗痲」with Flower
+ [0547] [sm33170239] 恋はダービー（トウカイテイオー）
+ [0548] [sm32854963] 【MHW】英国面に堕ちた茜ちゃんのモンハンワールド①VOICEROID実況
+ [0549] [sm32628440] たのしい暗殺 in バンコク
+ [0550] [sm33679545] 【1-2-Switch】◆とにかく楽しげな雰囲気だけが伝わってくる動画◆part4
+ [0551] [sm33348175] スぺ「調子に乗んな！」
+ [0552] [sm33115376] 悪魔の踊り方 / こんにちは谷田さん feat. 鏡音リン
+ [0553] [sm33222454] ジャガーノート / 初音ミク
+ [0554] [sm32967732] ‪ココロピピック
+ [0555] [sm34284034] 【Fate/MMD】ヒバナ☆彡【アキレウス/アーラシュ】
+ [0556] [sm34032805] 【kenshi】ステルスカニバリズムのゆかり５食目【結月ゆかり実況プレイ】
+ [0557] [sm34040769] 『ジャガーノート』を歌ってみた【ぱなまん】
+ [0558] [sm34073843] 【4423歩】FF6 極限低歩数攻略 season2 part6【ゆっくり実況】
+ [0559] [sm32663585] 尻穴.ptcop
+ [0560] [sm33044988] わかるマン
+ [0561] [sm33897675] 幾望の月 feat. 結月ゆかり
+ [0562] [sm34365374] どうぶつの森+ 金のあみ・金のつりざお入手RTA 3時間28分18.7秒 part1/4
+ [0563] [sm34064760] 【Fate/MMD】日本鯖12人で響喜乱舞
+ [0564] [sm33534330] サ ッ カ ー 下 北 沢 代 表.mp6
+ [0565] [sm32985430] ヨヅリナ / 初音ミク
+ [0566] [sm33853162] クソザコ英会話伝言ゲーム
+ [0567] [sm33918889] 【東方MMDドラマ】T.A.S魔理沙と敏腕秘書【T.A.S魔理沙#08】
+ [0568] [sm33475587] トーキョーゲットー / 初音ミク
+ [0569] [sm33079817] 【あらき+nqrse+ピコ】ダンシング☆サムライをRearrangeして歌ってみた.flv
+ [0570] [sm34085164] 【MMD刀剣乱舞】SCREAM+α【鶴・燭・長】
+ [0571] [sm33300383] 踊る恐竜さん／音街ウナ
+ [0572] [sm33992784] 野兽先辈习近平说.mp4
+ [0573] [sm33909199] 【クトゥルフ神話TRPG】CALLING　part2【実卓リプレイ】
+ [0574] [sm33012715] おかえりを言ってくれる茜ちゃんの動画
+ [0575] [sm33877886] ケガレの唄 / flower
+ [0576] [sm32538713] 色彩　20th live ver
+ [0577] [sm32938526] 【ニコニコラボ】Mind Craft【ちゃんげろソニック】
+ [0578] [sm34170280] ゴブリンスレイヤーにニンジャスレイヤーのナレーションを付けて、ゴブリンにゴブリン＝サンの声をアテレコしてみた
+ [0579] [sm34158146] 【初音ミク】　トゥール　【オリジナル】
+ [0580] [sm33056342] 【ウォルピス社】 メーベルを歌ってみました【提供】
+ [0581] [sm32536454] ♧「テオ」歌ってみたぬき。
+ [0582] [sm32797112] ダイナミックかるた
+ [0583] [sm33086310] 名探偵コナンOP 1996.01～2018.01
+ [0584] [sm32688081] 懺悔参り / flower
+ [0585] [sm33773052] 【クトゥルフ神話TRPG】あくりょうのいえーいpart3【ゆっくりTRPG】
+ [0586] [sm32946302] Bloodborne カンスト夢縛り(自傷除く)ノーダメージRTA　39分30秒
+ [0587] [sm34338857] Devil May Cry 5 Devil Trigger（歌詞＆意訳）
+ [0588] [sm33655204] オーバーロードⅢED 【Silent Solitude】歌詞付き
+ [0589] [sm32635736] たのしい暗殺 in コロラド
+ [0590] [sm34187704] 【金カムMMD】鶴見の踊り方【179話までネタバレ】
+ [0591] [sm32605860] おしゃかしゃま＠全部自分の声で歌ってみた【まふまふ】
+ [0592] [sm33172088] 【シャニマス】πタッチまとめ お許し編【16人分48種】
+ [0593] [sm33102671] 茜ちゃんがSteamの闇から生まれたゲームを遊ぶ #03
+ [0594] [sm32776641] [ゆっくり実況]　ろぼとみ　その1
+ [0595] [sm33546693] （あたま）わるわるバトル☆
+ [0596] [sm33123022] 【ゆっくり解説】世界の奇人・変人・偉人紹介【P・Tバーナム】
+ [0597] [sm33891098] キミノカゼニナル / 鏡音リン
+ [0598] [sm32709933] 「実況パワフルプロ野球2018」オープニングムービー
+ [0599] [sm33743882] 排水溝でジョージを待ち伏せするが一瞬で市長になり困惑するペニーワイズ
+ [0600] [sm34373968] スカイデアンナイト　うたった 【島爺／SymaG】
+ [0601] [sm33231770] ダンスここすきダンス
+ [0602] [sm32731158] 葵が茜にクリスマスソングと偽って旧支配者のキャロルを歌わせる。
+ [0603] [sm34214810] ジグソーパズル／まふまふ feat. 鏡音レン
+ [0604] [sm33734600] プラネタリウムの真実 / 初音ミク
+ [0605] [sm34073990] 【チートバグ】―パッショーネ２４時―の７【ジョジョ】
+ [0606] [sm32705269] ゆるキャン△op full
+ [0607] [sm32943813] 【Fate/MMD】テオ【1部終章までのネタバレ有】
+ [0608] [sm34165057] 【クトゥルフ神話TRPG】CALLING　partFinal【実卓リプレイ】
+ [0609] [sm32645418] たのしい暗殺 in 北海道
+ [0610] [sm33710530] ロキ【歌ってみた】@いすぼくろ×ウォルピスカーター
+ [0611] [sm33379083] よく滑るすべり台で遊ぶNYN姉貴
+ [0612] [sm32772823] 【歌ってみた】明星ギャラクティカ【Sou×Eve】
+ [0613] [sm33624822] ベノム / flower
+ [0614] [sm33677965] あの夏が飽和する。/鏡音レン・リン
+ [0615] [sm32576161] 【NORISTRY】「プロトディスコ」歌ってみた【誕生日に】
+ [0616] [sm33101364] 【手描きコナン】triple：）face【ゼロの執行人】
+ [0617] [sm33981233] 雨と邪神とシリアスできないゴミどものクトゥルフpart2【うっかり連載作品】
+ [0618] [sm32931261] 【MMD】ほんとうのぺぱぷらいぶ／大空ドリーマー【モーション配布】
+ [0619] [sm32634406] シリアスできないレジェンドたちのクトゥルフ_part1【実卓CoC】
+ [0620] [sm32617934] 【kenshi】ステルスカニバリズムのゆかり２食目【結月ゆかり実況プレイ】
+ [0621] [sm34394431] 石橋を叩いてFF8(PC版)を初見プレイ part3
+ [0622] [sm33755756] チャンピオン・シロナ戦.DPt
+ [0623] [sm33992786] ボブの殺人教室 Part1
+ [0624] [sm34105840] 先攻1キルされるオルガ
+ [0625] [sm33602871] SAILING!!!!!／浦島坂田船
+ [0626] [sm34095805] 【ジャンル混合MMD】夏に去りし君を想フ
+ [0627] [sm33702391] 【みうめ・メイリア・217＋SLH3人】Love Swing【コラボで踊っちゃってみた】
+ [0628] [sm34259066] never/音街ウナ
+ [0629] [sm33669778] ややこしい
+ [0630] [sm34273909] 【Ver.4.0.0】星のカービィ スターアライズ 全ボスBGM集【アプデ第3弾】
+ [0631] [sm34248905] 【デレステMV】HOT LIMIT 2D標準【1080p60】
+ [0632] [sm32918095] 力也マン
+ [0633] [sm32712099] 【第20回MMD杯本選】Fate/ｶﾞﾝｷﾞﾏﾘ_Order #3【Fate/Grand Order】
+ [0634] [sm33696442] 【PUBG】　僕らはどうしてドン勝をとるのだろう　～僕らが損してしまう編～
+ [0635] [sm32615855] たのしい暗殺 in サピエンツァ
+ [0636] [sm32825363] 私、アイドル宣言／CHiCO with HoneyWorks
+ [0637] [sm33360604] 【巡音ルカ】　抜錨　【オリジナル】
+ [0638] [sm33878367] 【幕末志士】剣豪【実況プレイ】
+ [0639] [sm34359096] 【初音ミク】バイオレンストリガー【オリジナル】
+ [0640] [sm34139650] 【初心者TRPG】ポケモンＴＲＰＧ　第７話Ａパート
+ [0641] [sm32714373] 【サガフロ】初期技術で最少戦闘回数クリアに挑戦 part45前 リュート編②
+ [0642] [sm32840905] [ゆっくり実況]　ろぼとみ　その11
+ [0643] [sm32988738] 人形ちゃんとシリアスできないゴミどものクトゥルフ＿前編【実卓リプレイ】
+ [0644] [sm33972704] だから言ったでしょ？(#コンパス 輝龍院きらら テーマソング) / 巡音ルカ
+ [0645] [sm33955397] 迫真パズル部・総当りの裏技.mp36
+ [0646] [sm33234589] 負けないです
+ [0647] [sm33252425] 【ウマ娘】JRA･CM　キングヘイロー ウマ娘Ver.
+ [0648] [sm33342948] ◆どうぶつの森e+　実況プレイ◆part57
+ [0649] [sm32656568] 嘘みたいに上手くいくクトゥルフ神話TRPG　＃3-1【神々の演奏バトル】
+ [0650] [sm33770519] ディザーチューン ／ DIVELA feat.初音ミク
+ [0651] [sm33807171] 廃墟の国のアリス＠自分で歌ってみた【まふまふ】
+ [0652] [sm33898543] 【クトゥルフ神話TRPG】CALLING　part0（キャラメイク）【実卓リプレイ】
+ [0653] [sm33599394] 【初心者TRPG】ポケモンＴＲＰＧ　第５話Ａパート
+ [0654] [sm33250247] 「ANIMAる」 ver. EVO+ Mes
+ [0655] [sm33433323] 【MMD刀剣乱舞】アンノウン・マザーグース【燭台切光忠】
+ [0656] [sm33047974] タドコロ電機
+ [0657] [sm33218831] 【ウマ娘OP】 Make debut!  【シンクロ比較動画】
+ [0658] [sm34251294] 【VOICEROIDで学ぶ】世界中の「アホ」な死因
+ [0659] [sm33165794] 【ゆっくり解説】ウマ娘第5話の元ネタを考察してみた
+ [0660] [sm32642658] ターミナル 　歌ってみたのはメガテラ・ゼロ
+ [0661] [sm32951089] ロードス島戦記_邪神降臨RTA_2時間32分38秒_Part1/5
+ [0662] [sm32806720] 【RimWorld】琴葉氷海　　遭難記 1頁【VOICEROID】
+ [0663] [sm34305442] ヤジュえもん　サントラ-3　(便乗版)
+ [0664] [sm34345692] [ゆっくり実況]　ビルとら　その1
+ [0665] [sm33550845] 【Besiege】英国面に堕ちた茜ちゃんのパンジャンドラム縛り⑩VOICEROID実況
+ [0666] [sm33126414] 【MMD刀剣乱舞】心做し【多キャラ】（1080P対応）
+ [0667] [sm33900502] 【金カムMMD】忘れられない この記憶に【URUSaaA愛】
+ [0668] [sm34006645] ホモと見るガチ厳選したOP・ED集5
+ [0669] [sm32958775] 「あぁ～！Brain Powerの音ォ〜！！」
+ [0670] [sm33610730] 【ナウル】失敗国家3分解説【VOICEROID解説】
+ [0671] [sm33360189] 【実況】新作スマブラの発表をスマブラファンが見たよ【2018.6.13】全員参戦
+ [0672] [sm32537550] 【サガフロ】初期技術で最少戦闘回数クリアに挑戦 part40 アセルス編④
+ [0673] [sm32642760] 【mhw】　モンスターハンターワールド 瘴気の谷bgm
+ [0674] [sm34359525] また会おう、グリッドマン。
+ [0675] [sm33789162] ベルサイユの草
+ [0676] [sm33062652] 誰でも描ける！野獣先輩の絵描き歌.810ch
+ [0677] [sm34158211] 【金カムMMD】ドラマツルギー【杉元/尾形/？？】
+ [0678] [sm32631526]   オーバーロードⅡOP 【GO CRY GO】 full
+ [0679] [sm33484862] 【重音テト】僕には生きるセンスがない。【オリジナル】
+ [0680] [sm32845172] [ゆっくり実況]　ろぼとみ　その12
+ [0681] [sm32663441] 今度は普通に実況します＃2　ーGetting Over Itー
+ [0682] [sm33687164] いなりオーバーフローバグ
+ [0683] [sm33487440] 【ゆっくり解説】世界の奇人・変人・偉人紹介【フランシス・ドレーク】
+ [0684] [sm34354502] フランシュシュ地下会議
+ [0685] [sm34161072] 世界の奇書をゆっくり解説 第9回 「ビリティスの歌」
+ [0686] [sm32721614] 妄想疾患■ガール 歌ってみたのはメガテラ・ゼロ
+ [0687] [sm34253725] 【Fate/MMD】エミヤでドラマツルギー【モデル配布中】
+ [0688] [sm33031824] ヨルシカ - ヒッチコック (MUSIC VIDEO)
+ [0689] [sm32780327] 佐々木恵梨　♪ふゆびより　　《ゆるキャン△》
+ [0690] [sm33559857] たった一つのミス
+ [0691] [sm33284111] 【MMD刀剣乱舞】Classic【伊達組】
+ [0692] [sm34003391] 【Besiege】第２回パンジャンドラム最速王決定戦P1グランプリ④VOICEROID実況
+ [0693] [sm32581375] 【RTA＆解説等等】Outlast_59分39秒_Part1/5
+ [0694] [sm33249485] 【グミリン】ANIMAる【オリジナルMV】
+ [0695] [sm33209580] 【感情を込めて】ハレハレヤ 歌ってみた ver.Sou
+ [0696] [sm32558712] カトラリーを歌いました
+ [0697] [sm33536211] ばけものぐるい ／ GUMI
+ [0698] [sm33384052] 【チートバグ】―パッショーネ２４時―の６【ジョジョ】
+ [0699] [sm33708252] 【ソマリア】失敗国家3分解説【VOICEROID解説】
+ [0700] [sm33030464] 【Fate/MMD】爆死したマスターを励ますGENTLEMAN【1080p】
+ [0701] [sm33162809] 【そんなふいんきで歌ってみた】だれかの心臓になれたなら【ぐるたみん】
+ [0702] [sm34388038] 無限にホメてくれる桜乃そら先生
+ [0703] [sm33979052] パレード☆
+ [0704] [sm33844537] エゴイスト/flower
+ [0705] [sm33273763] ガンダムの朝食
+ [0706] [sm33681707] せっかちクズどものクトゥルフ神話TRPG #14
+ [0707] [sm34139246] ゴブリンスレイヤーOP　Rightfully by Mili　映像付きFULL
+ [0708] [sm33923127] 【ウォルピス社】雨とペトラを歌ってみました【提供】
+ [0709] [sm32608256] 柴又穴.yatsume
+ [0710] [sm33978120] 【クトゥルフ神話TRPG】あくりょうのいえーいpart6【ゆっくりTRPG】
+ [0711] [sm34159150] 【ウォルピス社】COSMOSを歌ってみました【提供】
+ [0712] [sm33557234] ビートシンカー ／ DIVELA feat.初音ミク
+ [0713] [sm33664256] 【Besiege】第２回パンジャンドラム最速王決定戦P1グランプリ①VOICEROID実況
+ [0714] [sm33943744] 【Fate/MMD】砂の惑星【2部ネタバレ有】
+ [0715] [sm33138281] 【Fate/MMD】Grand Order【合作】
+ [0716] [sm33744058] 【雑学研究クラブ】攻城兵器のおはなし
+ [0717] [sm34340508] 【クトゥルフ神話TRPG】あくりょうのいえーいpart9【ゆっくりTRPG】
+ [0718] [sm33324051] ホモと見る子供に見せたくないアニメ元1位 OP集.kureyonshinchan
+ [0719] [sm32644122] 【サガフロ】初期技術で最少戦闘回数クリアに挑戦 part43 アセルス編⑦終
+ [0720] [sm33150993] ヨルシカ - ただ君に晴れ (MUSIC VIDEO)
+ [0721] [sm33981546] ペニーワイズが流行りのあの歌を歌ってくれるようです
+ [0722] [sm34114322] 【デルタルーン】DELTARUNE ～ ジェビル戦BGM 〜 THE  WORLD  REVOLVING
+ [0723] [sm33412254] ◆どうぶつの森e+　実況プレイ◆part60
+ [0724] [sm33168448] 【MAD】Survivor【Fate/Grand Order】
+ [0725] [sm33653501] 【FGO MAD】NICE GUY OF THE ETERNAL BLAZE【無間氷焔世紀 ゲッテルデメルング】
+ [0726] [sm33642060] チベスナ時代
+ [0727] [sm33868550] 幸せ者 - ゲキヤク
+ [0728] [sm34188919] 消滅寸前だが最期の瞬間をインタビュアーと過ごす先輩
+ [0729] [sm34162169] 【東方手書き劇場】ミミズクとコウモリのハロウィンに魔女が乱入しとる
+ [0730] [sm34284040] 【6人で】愛言葉Ⅲ 【歌ってみた】
+ [0731] [sm34116188] 【7 Days To Die】クズん子の本懐#6【VOICEROID実況】
+ [0732] [sm34052222] 【Fate/MMD】ドラマツルギー
+ [0733] [sm33403784] 【CoC】慧音「フリーダムってレベルじゃねぇぞ！」ダークネス！【TRPG】#07
+ [0734] [sm33001562] 【第1R】 ウマ娘プリティーダービーに登場するキャラクターのモデルになった競走馬をゆっくり解説！ウオッカ編
+ [0735] [sm33837511] 姉妹モノの同人誌を嗜む琴葉葵
+ [0736] [sm33742552] 刀剣乱舞とFGOで極楽浄土【MMD杯ZERO参加動画】
+ [0737] [sm33658714] 何でも食べてしまう寿司屋
+ [0738] [sm33333733] 塙「Mステのタモリは」土屋「ただのMステじゃねーか」
+ [0739] [sm33914986] 雨と邪神とシリアスできないゴミどものクトゥルフpart1【第12回うっかり卓ゲ祭り】
+ [0740] [sm33182440] 哀の隙間 / 初音ミク
+ [0741] [sm33640606] 【実況】４人でひとつの村に住む男たち【どうぶつの森】 ６周目
+ [0742] [sm33455480] サ ッ カ ー 下 北 沢 代 表.mp1
+ [0743] [sm33032743] 【歌ってみた】命に嫌われている。【＋α／あるふぁきゅん。】
+ [0744] [sm34145285] 【Besiege】第２回パンジャンドラム最速王決定戦P1グランプリ⑤VOICEROID実況
+ [0745] [sm32997351] たのしい暗殺 in カルト教団
+ [0746] [sm34245967] FGOツイッターまとめ3
+ [0747] [sm34034630] また髪の話してる小早川紗枝
+ [0748] [sm33102964] 【ウマ娘】ゴルシとマックイーン
+ [0749] [sm33653671] へんたつ フル版
+ [0750] [sm34374763] Lemon／もこう 【オリジナル実写PV】
+ [0751] [sm33237866] 【RTA】ドンキーコング64 101% 8:29:52【ゆっくり解説】PART6
+ [0752] [sm32935342] 【FULL】ポプテピピックOPを平沢進っぽくアレンジ【歌ってみた】
+ [0753] [sm33664856] ジャガーノート　歌ってみたラ　ver.センラ
+ [0754] [sm32560406] 生贄とシリアスできるゴミたちのクトゥルフ_part1【実卓CoC】
+ [0755] [sm34202916] ☪『Booo!』を 歌ってみた。by天月
+ [0756] [sm32844905] ランス10　戦闘ＢＧＭ集
+ [0757] [sm33580764] ケセラリズム 歌ってみた 【あらき×めいちゃん】
+ [0758] [sm34059433] ミリシタ「ラスト・アクトレス」琴葉 桃子 瑞希 このみ 紬
+ [0759] [sm32796501] インスタントヘヴン feat.Eve / ナナヲアカリ
+ [0760] [sm33971192] ホモと見るガチ厳選したOP・ED集4
+ [0761] [sm33189938] ガランド ft.初音ミク
+ [0762] [sm33546188] かいしんのいちげき！ / 初音ミク
+ [0763] [sm33682228] ヨルシカ - 雲と幽霊 (MUSIC VIDEO)
+ [0764] [sm34114448] 雨と邪神とシリアスできないゴミどものクトゥルフpart4【うっかり連載作品】
+ [0765] [sm34027270] 【MMD戦国BASARA】ONE OFF MIND　モーショントレース
+ [0766] [sm34157247] 【MMD刀剣乱舞】  YANKEE   【合作企画】
+ [0767] [sm32553437] 今度は普通に実況します＃1　ーGetting Over Itー
+ [0768] [sm33441498] 【HoI4】きりたん書記長と大量突撃ドクトリン。【part１】
+ [0769] [sm34374429] ゾンビランドサガ OP 「徒花ネクロマンシー(SEなし)」 歌詞付き
+ [0770] [sm33913046] 【クトゥルフ神話TRPG】CALLING　part3【実卓リプレイ】
+ [0771] [sm33234995] ホモと見る「聴いたことある70年代洋楽メドレー」Part1
+ [0772] [sm33372153] 【カバー】さくらんぼ/大塚愛【ONE・さとうささら】
+ [0773] [sm33800434] ご長寿声優早押しクイズ名人戦☆
+ [0774] [sm34255511] 【MMD刀剣乱舞】おねだりしてほしいの
+ [0775] [sm34179080] ヤジュえもん　サントラ-1
+ [0776] [sm33978206] ┗|∵|┓夢ファンファーレ／LIP×LIP(CV：内山昂輝・島﨑信長)【HoneyWorks】
+ [0777] [sm33304716] 【ゆっくり解説】世界の奇人・変人・偉人紹介【中川州男】
+ [0778] [sm33057637] 【ジャンル混合MMD】宵々古今
+ [0779] [sm33802520] 絶望を越えた超やりこみ聖剣LOM #1（Lv99の敵しかいない世界）
+ [0780] [sm33269233] 楽しむことをあきらめないクトゥルフ『エルズ・コール』 #01
+ [0781] [sm32539762] 【Planet Coaster】エイリアンズ・ザ・ライド - ALIENS THE RIDE
+ [0782] [sm32915208] 【実況】４人でひとつの村に住む男たち【どうぶつの森】 ２周目
+ [0783] [sm33853718] もうジョージの相手をしたくないペニーワイズ
+ [0784] [sm33897535] アカリがやってきたぞっ
+ [0785] [sm33288544] ファイアーエムブレム_暗黒竜と光の剣RTA_3時間32分18秒_Part1/7
+ [0786] [sm34280151] 劣等上等  歌った　【＋α／あるふぁきゅん。× あらき】
+ [0787] [sm34215085] 【クトゥルフ神話TRPG】あくりょうのいえーいpart8【ゆっくりTRPG】
+ [0788] [sm33800020] 家庭教師ヒットマンREBORN! OP・ED集
+ [0789] [sm32743266] ホモは見てなさそうな俺の好きなアニメOP集
+ [0790] [sm34269483] VSフェネクス戦
+ [0791] [sm33601621] 大切な人たちへ　/  feat. 初音ミク
+ [0792] [sm34177216] ビーダマンの命中率を極限まで高める動画
+ [0793] [sm32786765] [ゆっくり実況]　ろぼとみ　その2
+ [0794] [sm33893807] 症状を訴えたら名医が駆けつけるデレステMV
+ [0795] [sm33666033] 寿司の中に時限爆弾を発見したいなり男
+ [0796] [sm33729620] 【Besiege】第２回パンジャンドラム最速王決定戦P1グランプリ②VOICEROID実況
+ [0797] [sm33052085] 【ゆっくり解説】ウマ娘第2話の元ネタを考察してみた
+ [0798] [sm33334184] METEOR ／ DIVELA feat.初音ミク
+ [0799] [sm33705959] ベノム　歌ってみた－遊
+ [0800] [sm34361899] 帰ってきた電光超人グリッドマン
+ [0801] [sm33827773] 【手描き実況】臨.界.ダ.イ.バ..ー【wrwrd】完成版
+ [0802] [sm33324583] フリーダムガンダムの水曜日
+ [0803] [sm34326539] 【作曲】文明を駆ける紅茶と布告【wrwrdFA曲】
+ [0804] [sm33923698] 【クトゥルフ神話TRPG】CALLING　part4【実卓リプレイ】
+ [0805] [sm33341669] ずっと真夜中でいいのに。 - 秒針を噛む
+ [0806] [sm33481540] PLATONIC GIRL【歌ってみた】@いすぼくろ×ウォルピスカーター
+ [0807] [sm33764662] 【東方手書き】ミミズクとコウモリがおうちるーるで花札しとる
+ [0808] [sm33238934] ディカディズム 歌ってみた / いゔどっと×Bee
+ [0809] [sm34067662] [音街ウナ] Booo! / TOKOTOKO（西沢さんP）
+ [0810] [sm33362597] グラスちゃんが耳ピトするだけ
+ [0811] [sm34247312] 【初音ミク】　アヴァターラ　【オリジナル】
+ [0812] [sm33405173] 【MAD】PRETTY DERBY
+ [0813] [sm33432437] 弟ができた結果謎の銀河眼使いに襲撃されるオルガ
+ [0814] [sm33909181] ホモと見るガチ厳選したOP・ED集2
+ [0815] [sm33173941] 【Besiege】第２回P1グランプリ開催のお知らせ
+ [0816] [sm33470405] 【ゆっくり解説】キンイロリョテイとは何者なのか　後編【ウマ娘】
+ [0817] [sm32904853] 【実況】幕末志士達のマリオカート６４　リベンジ
+ [0818] [sm33050677] アウトサイダー　歌ってみた【そらる】
+ [0819] [sm32909966] 年に一夜の恋模様 ／ 浦島坂田船
+ [0820] [sm33513492] リコレクションエンドロウル 歌ってみた ver.めいちゃん
+ [0821] [sm33974241] 社築さんと花畑チャイカさんがモノマネでドーラさんを召還する横で笑ってる緑仙がかわいい動画
+ [0822] [sm33643870] アスター / 初音ミク アニメMV
+ [0823] [sm33717118] デレステ「クレイジークレイジー」MV(ドットバイドット1080p60)
+ [0824] [sm33119824] ワンピース　OP集
+ [0825] [sm32648579] 【ゆっくり解説】世界の奇人・変人・偉人紹介【タルラー・バンクヘッド
+ [0826] [sm33942193] 【伊東歌詞太郎】少女レイ【歌ってみた】
+ [0827] [sm32839980] 【RTA】ドンキーコング64 101% 8:29:52【ゆっくり解説】PART5
+ [0828] [sm33952074] ホモと見るガチ厳選したOP・ED集【EX】
+ [0829] [sm33976173] 【シリア】失敗国家3分解説【VOICEROID解説】
+ [0830] [sm33051280] 茜ちゃんがSteamの闇から生まれたゲームを遊ぶ #02
+ [0831] [sm32632189] Cambell／須田景凪
+ [0832] [sm34382437] 遊戯王GX 好きなシーン集
+ [0833] [sm33493704] 【爽快に】金星のダンス 歌ってみた ver.Sou
+ [0834] [sm32658759] ライムライト 歌ってみた ver.めいちゃん
+ [0835] [sm33917203] 【金カムMMD】プロトディスコ【モデル配布】
+ [0836] [sm32536886] Epic_necktie_guy【115秒ぐらい耐久】
+ [0837] [sm34384007] ひとりガストでハイボール飲んでみた【アル中カラカラ】
+ [0838] [sm33960351] どぅーまいべすと！／音街ウナより
+ [0839] [sm33149670] 【鏡音リン・レン】表裏一体 / すりぃ
+ [0840] [sm33089081] クサイヤ人で ドォリャーッ！ドッドリャーッ！
+ [0841] [sm32979993] JUSTICE  full
+ [0842] [sm32604745] 【CROSSOUT】英国面に堕ちた茜ちゃんのマッドマックス②VOICEROID実況
+ [0843] [sm32549977] Grand symphony
+ [0844] [sm33778197] 【MMD杯ZERO参加動画】リアルにぐだ子ちゃん召喚したい【Fate/mmd】
+ [0845] [sm33031935] 脳髄とシリアスできないゴミどものクトゥルフpart1【実卓リプレイ】
+ [0846] [sm34122226] 【歌ってみた】ゆるキャン△1期ED「ふゆびより」を平沢進っぽくアレンジ【アディオス】
+ [0847] [sm33033501] たのしい暗殺 in 朗読会
+ [0848] [sm33070499] 男３人がｗｗ叫んでｗｗ喋ってｗｗ楽しくｗｗ歌い手の声真似でｗｗ ロキ 歌ってみたｗｗ 【効果音全部俺達。】
+ [0849] [sm32921716] 【初音ミク】馬鹿【syudou】
+ [0850] [sm32774314] 【MMD刀剣乱舞】バブリーダンス【粟田口】
+ [0851] [sm34386713] ホモと見る高校生グラップラー　戦闘シーンまとめ.tough
+ [0852] [sm33659093] 落とし穴
+ [0853] [sm32583228] スーサイドパレヱド 歌ってみた【もるでお】
+ [0854] [sm33009959] アウトサイダー / 初音ミク
+ [0855] [sm34404507] Help!　真乃…めぐる…
+ [0856] [sm32702113] 【ドラッグオンドラグーン】全ED制覇・世界観解説 #1【ゆっくり実況】
+ [0857] [sm34182468] 【APヘタリアMMD】エゴロック【枢連】
+ [0858] [sm32588459] 【RTA】ドンキーコング64 101% 8:29:52【ゆっくり解説】PART4
+ [0859] [sm32746793] 10分で分かる清楚系委員長
+ [0860] [sm33986985] 【爽快に】ベノム 歌ってみた ver.Sou
+ [0861] [sm33223382] ミリシタ「花ざかりWeekend✿」MV
+ [0862] [sm33227349] ガランド 歌ってみた【Eve】
+ [0863] [sm33486611] 「アイル」LIVE in 武道館　伊吹翼・ジュリア・真壁瑞希
+ [0864] [sm32621717] さとうささらの街づくり＃１０
+ [0865] [sm33603383] 【14年のFateの歴史公式まとめ】The Essentials of “Fate Series” - 人類史最大の英雄譚 - | Fate/Grand Order 配信3周年記念映像
+ [0866] [sm34158534] 【山姥切長義・国広】マチガイサガシ【人力刀剣乱舞】
+ [0867] [sm33795074] 【金カムMMD】帝国少女【杉元/尾形/月島/鯉登】
+ [0868] [sm33370644] 【ゆっくり解説】キンイロリョテイとは何者なのか　前編【ウマ娘】
+ [0869] [sm32790425] 懺悔参り　歌ってみた　【いゔどっと】
+ [0870] [sm33828895] 【缶缶】ベノム【ダークに歌ってみた】
+ [0871] [sm32611405] 【サガフロ】初期技術で最少戦闘回数クリアに挑戦 part42 アセルス編⑥
+ [0872] [sm34257641] お嬢様方と見るホモ114514万人が選んだ風評被害
+ [0873] [sm34318205] 紗痲　歌ってみた－遊
+ [0874] [sm34061910] グリムメイカー / 浦島坂田船
+ [0875] [sm33772523] 大団円になった結果不審者に八つ当たりされるオルガ
+ [0876] [sm32516487] 【初音ミク】　トウテツ　【オリジナル】
+ [0877] [sm34404666] 【MMD刀剣乱舞】SNOBBISM【山姥切長義/山姥切国広】
+ [0878] [sm32934916] あざらし先輩BB
+ [0879] [sm33051365] 【NORISTRY】SNOBBISM【歌ってみた】
+ [0880] [sm34356553] 【MMD刀剣乱舞】Sorry, Sorry【伊達組＋小宮刀vs長船派】（着換えあり）
+ [0881] [sm33854807] 【初音ミク】アディショナルメモリー【オリジナルMV】
+ [0882] [sm33277123] 怪談の完成を阻止するTRPG：怪談白物語　その３【実卓リプレイ】
+ [0883] [sm33062584] 幕末志士達のＰＵＢＧ実況プレイ #2
+ [0884] [sm33803791] 【実況】KINGDOM HEARTS II HD版 実況風プレイ　part4
+ [0885] [sm33277018] YOAKELAND
+ [0886] [sm34347007] 稲葉曇『浮遊月光街』Vo. 歌愛ユキ
+ [0887] [sm34207550] ホモと見るUSAとソ連の違い
+ [0888] [sm33232892] 【THE WINNER】グラスワンダー ウマ娘ver.
+ [0889] [sm33172201] 全ガンダム大投票1位になった結果先輩に絡まれるオルガ
+ [0890] [sm33510542] Giga - 劣等上等 ft.鏡音リン・レン【MV】
+ [0891] [sm32990183] 【ダクソ2】覇者して俺がお前に勝てるかな？6拳【ゆっくり＋VOICEROID実況プレイ】
+ [0892] [sm33601943] 社築モノマネ10割コンボ
+ [0893] [sm33976140] 【ゆっくり解説】世界の奇人・変人・偉人紹介【ココ・シャネル】
+ [0894] [sm33307119] この辺にぃ美味いラーメン屋の屋台、来てるらしいっすよ
+ [0895] [sm33465330] Mei Mei / 初音ミク
+ [0896] [sm32981329] ミリシタ「待ち受けプリンス」MV(ドットバイドット1920x720p60) ※編集版
+ [0897] [sm32803186] [ゆっくり実況]　ろぼとみ　その5
+ [0898] [sm34393059] ニビイロドロウレ - rin [オリジナル]
+ [0899] [sm33062470] マジでめっちゃ面白いクトゥルフ神話TRPG　に
+ [0900] [sm32568279] 【MV】CocktaiL/XYZ
+ [0901] [sm34212391] 【MMD】ジョジョ5部-黄金の風-【劣等上等】
+ [0902] [sm32667310] 【FGO手描き/完結記念】訣別の時きたれり、其は世界を手放すもの
+ [0903] [sm32604701] 『VRカノジョ』で....って、ちょっと待って！右手帰ってきて！！
+ [0904] [sm32603091] 【クトゥルフ】狂信者の二重奏part1【実卓リプレイ】
+ [0905] [sm32664741] 【kenshi】ステルスカニバリズムのゆかり３食目【結月ゆかり実況プレイ】
+ [0906] [sm32625539] 迫真パズル部・総当りの裏技.mp27
+ [0907] [sm34200409] ホモと見るイキスギコードでイける田中秀和作曲TVアニメOPED集.iksg
+ [0908] [sm33079591] 【おじぃとおばぁ】老病ギャラクティカ 歌ってみた【小林幸子×島爺】
+ [0909] [sm32937085] きりたんのSCPテレビショッピング 1
+ [0910] [sm33368772] 【訛り実況】BIOHAZARD 7　#01
+ [0911] [sm32528725] ◆どうぶつの森e+　実況プレイ◆part18
+ [0912] [sm34002677] 【ラップバトル】MCトウヤVS月ノ美兎
+ [0913] [sm32974949] ロキ 歌った 【あらき×nqrse】
+ [0914] [sm32673722] メリーバッドエンド／まふまふ feat. 初音ミク
+ [0915] [sm34316562] ジグソーパズル  歌った 【あらき】
+ [0916] [sm34356542] 【ゾンビランドサガ】ライブシーンまとめ
+ [0917] [sm34113784] 悪魔の踊り方 歌ってみた【もるでお】
+ [0918] [sm32958551] 音割れポッターBB
+ [0919] [sm33664200] カモンベイビーシモキタ
+ [0920] [sm32686326] 新ポプテ島
+ [0921] [sm33303221] 【初心者TRPG】ポケモンＴＲＰＧ　第４話Ａパート
+ [0922] [sm34295558] 敗北々しくて
+ [0923] [sm33151903] 【Frostpunk】きりたんと素敵なユートピアをつくりましょう。【Part１】
+ [0924] [sm32882962] ロキ＠歌ってみた【まふまふ feat.そらる】
+ [0925] [sm33706364] ∴煮ル果実「アイアルの勘違い」with Flower
+ [0926] [sm32549146] 焼いてかない？.ep3
+ [0927] [sm32788952] 【MMD刀剣乱舞】宵々古今【伊達組/古備前】
+ [0928] [sm33204646] 【ゆっくり解説】ウマ娘第6話の元ネタを考察してみた
+ [0929] [sm33292721] レイニーレイニー　歌ってみたのはメガテラ・ゼロ
+ [0930] [sm33483255] 【初心者TRPG】ポケモンＴＲＰＧ　第４話Ｂパート
+ [0931] [sm32639942] 【HoI4】イギリスで三枚舌外交をやってみたpart15【マルチ実況】
+ [0932] [sm33517111] OCTOPATH TRAVELER オクトパストラベラー 戦闘曲集
+ [0933] [sm33374381] 【実況】KINGDOM HEARTS HD版 実況風プレイ　part2
+ [0934] [sm33633023] 【サガフロ2】TASさんが最少ターン数クリアに挑戦 part13
+ [0935] [sm32846603] 【MMD】SCREAM【APヘタリア×Fate】
+ [0936] [sm33288430] 【実況】ナポリの男たちの挑戦~呪怨編~ Part3
+ [0937] [sm34110486] 『スマブラSP』メインテーマ「命の灯火」
+ [0938] [sm33219294] 劇場版 イーノックが艦娘たちと踊ってみたようです。～ラストダンス～
+ [0939] [sm33630156] ニコカラ『ベノム』かいりきベア《on vocal》※再度修正版
+ [0940] [sm32727744] だれかの心臓になれたなら ／ GUMI
+ [0941] [sm33731416] 【手描き】60秒の主役は【wrwrd】
+ [0942] [sm34315816] 【Besiege】第２回パンジャンドラム最速王決定戦P1グランプリ⑥VOICEROID実況
+ [0943] [sm33328854] たのしい暗殺 in 感染病棟
+ [0944] [sm32542404] 【Kenshi】早口姉妹のKenshi初見プレイpart1【VOICEROID】
+ [0945] [sm33723036] bin　歌ってみた/yama
+ [0946] [sm34246019] アヴァターラ　うたった 【島爺／SymaG】
+ [0947] [sm32825157] 【鏡音レン】空中分解 / すりぃ
+ [0948] [sm33262966] 虫捕りに行くシリアスできないゴミどものクトゥルフpart2【実卓リプレイ】
+ [0949] [sm33955957] ずっと真夜中でいいのに。『脳裏上のクラッカー』MV
+ [0950] [sm33596211] 【雑学研究クラブ】古代の通信技術
+ [0951] [sm32596469] 【kenshi】ステルスカニバリズムのゆかり【結月ゆかり実況プレイ】
+ [0952] [sm34362366] 地上最強の生物たちが2018年のアニメヒロインにハマる
+ [0953] [sm33362596] 【ポニーテールと巨乳】史上最高に抜ける踊ってみた
+ [0954] [sm32699387]   オーバーロードⅡED 【HYDRA】 full
+ [0955] [sm34353653] 【HoI4】三極世界で世界の覇者を決めてみた【マルチ実況】
+ [0956] [sm33816641] 【伊東歌詞太郎】阿吽のビーツ【歌ってみた】
+ [0957] [sm34218090] 【ド葛本社】葛葉のAV連呼で家族会議になる【第一回】
+ [0958] [sm32811359] 【グラブルBGM】 ベリアル／アバター／アバターHL戦 『Paradise Lost』
+ [0959] [sm32628563] 【シャルル】歌ってみた ver.Gero
+ [0960] [sm33237915] くぉら！寿司☆
+ [0961] [sm33322316] 【鏡音レン】君はただ二回飛べばいい【オリジナル】
+ [0962] [sm33191845] 世余威ノ宵　うたった 【島爺／SymaG】
+ [0963] [sm32791675] 【NorthGard】族長のお姉さん実況 03【RTS】
+ [0964] [sm32955337] ロードス島戦記_邪神降臨RTA_2時間32分38秒_Part2/5
+ [0965] [sm33146478] デジモンフロンティア - 進化シーン集
+ [0966] [sm34210183] ポケットモンスター青赤緑 図鑑完成RTA 14時間58分 part2/14
+ [0967] [sm32817580] 葵ちゃんとファミコン #1「ゴーストバスターズ」【VOICEROID実況】
+ [0968] [sm34043723] マーシーキリング / 初音ミク・flower
+ [0969] [sm33129458] お便りを読まれ暴走するダークエルフVtuber
+ [0970] [sm33726763] 【ゼルダ ブレスオブザワイルド】DLCあり100%RTA【37時間36分28】part1
+ [0971] [sm32921516] [MV] SNOBBISM / Neru & z’5 feat. 鏡音リン & 鏡音レン
+ [0972] [sm33904124] ◆どうぶつの森e+　実況プレイ◆part79
+ [0973] [sm34146742] 【ヒメヒナMV】「ロキ」歌ってみた【ココロは人間だ！！！】
+ [0974] [sm33862798] ホモと学ぶ鉄筋ができるまで
+ [0975] [sm33341096] ホモと見る「聴いたことある80年代洋楽メドレー」Part1
+ [0976] [sm34007357] 【波音リツ】-ERROR 2018ver.【UTAUカバー】
+ [0977] [sm33786333] 【米津玄師】Lemon 歌ってみた【luz】
+ [0978] [sm33408681] 【第11R】 ウマ娘プリティーダービーに登場するキャラクターのモデルになった競走馬をゆっくり解説！スペシャルウィーク編
+ [0979] [sm32798141] [ゆっくり実況]　ろぼとみ　その4
+ [0980] [sm34308579] 【ウマ娘】2011年ＪＲＡ ＣＭ 有馬記念【オグリキャップ】
+ [0981] [sm33880152] 【GARNiDELiA】響喜乱舞【とく×メイリア】
+ [0982] [sm34402967] 【コンゴ民主共和国】失敗国家3分解説【VOICEROID解説】前編
+ [0983] [sm33454146] スロウダウナー／初音ミク・GUMI
+ [0984] [sm33730647] 【WANIMA】ともに @歌ってみた【あらき×Gero】
+ [0985] [sm34405105] 【Fate/MMD】ドラマツルギー【ぐだ子＋α】
+ [0986] [sm32873848] トオトロジイダウトフル 　歌ってみたのはメガテラ・ゼロ
+ [0987] [sm33742321] 【歌うボイスロイド】たらこ・たらこ・たらこ【第四回ひじき祭】
+ [0988] [sm33768748] 【実況】KINGDOM HEARTS II HD版 実況風プレイ　part1
+ [0989] [sm33255799] 虫捕りに行くシリアスできないゴミどものクトゥルフpart1【実卓リプレイ】
+ [0990] [sm34082630] ホモと見るガチ厳選したOP・ED集6
+ [0991] [sm34261295] 【金カムMMD】上等兵ズでエゴロック【尾形・宇佐美】
+ [0992] [sm33223935] 【Subnautica】元樵が海でサバイバるサードシーズン～その２～【VOICEROID実況】
+ [0993] [sm32764624] Corruption/初音ミク
+ [0994] [sm33830248] 『にじさんじ清楚ランキング』で１位になれなかった月ノ美兎
+ [0995] [sm32796461] せっかちクズどものクトゥルフ神話TRPG #12
+ [0996] [sm32634032] 【鬼滅の刃】鬼滅男子でE.L.E.C.T踊ってもらった【手描き】
+ [0997] [sm32570733] 【サガフロ】初期技術で最少戦闘回数クリアに挑戦 part41 アセルス編⑤
+ [0998] [sm33736241] ぼかろころしあむ　うたった 【島爺／SymaG】
+ [0999] [sm33820227] 【クトゥルフ神話TRPG】あくりょうのいえーいpart4【ゆっくりTRPG】
+ [1000] [sm34043553] VORACITY／宮下遊